<?xml version="1.0" encoding="UTF-8"?>
<testng-results ignored="0" total="4" passed="4" failed="0" skipped="0">
  <reporter-output>
  </reporter-output>
  <suite started-at="2024-02-12T09:16:38 GMT-05:00" name="POM Framework Test" finished-at="2024-02-12T09:17:17 GMT-05:00" duration-ms="39438">
    <groups>
    </groups>
    <test started-at="2024-02-12T09:16:38 GMT-05:00" name="POM Framework Test" finished-at="2024-02-12T09:17:17 GMT-05:00" duration-ms="39438">
      <class name="selenium.LoginPageTest">
        <test-method is-config="true" signature="setUp()[pri:0, instance:selenium.LoginPageTest@729d991e]" started-at="2024-02-12T09:16:38 GMT-05:00" name="setUp" finished-at="2024-02-12T09:16:47 GMT-05:00" duration-ms="9007" status="PASS">
          <reporter-output>
          </reporter-output>
        </test-method> <!-- setUp -->
        <test-method signature="loginwithemail()[pri:0, instance:selenium.LoginPageTest@729d991e]" started-at="2024-02-12T09:16:47 GMT-05:00" name="loginwithemail" finished-at="2024-02-12T09:16:48 GMT-05:00" duration-ms="933" status="PASS">
          <reporter-output>
          </reporter-output>
        </test-method> <!-- loginwithemail -->
        <test-method is-config="true" signature="close()[pri:0, instance:selenium.LoginPageTest@729d991e]" started-at="2024-02-12T09:16:48 GMT-05:00" name="close" finished-at="2024-02-12T09:16:48 GMT-05:00" duration-ms="460" status="PASS">
          <reporter-output>
          </reporter-output>
        </test-method> <!-- close -->
        <test-method is-config="true" signature="setUp()[pri:0, instance:selenium.LoginPageTest@729d991e]" started-at="2024-02-12T09:16:48 GMT-05:00" name="setUp" finished-at="2024-02-12T09:16:57 GMT-05:00" duration-ms="8254" status="PASS">
          <reporter-output>
          </reporter-output>
        </test-method> <!-- setUp -->
        <test-method signature="loginwithoutemail()[pri:0, instance:selenium.LoginPageTest@729d991e]" started-at="2024-02-12T09:16:57 GMT-05:00" name="loginwithoutemail" finished-at="2024-02-12T09:16:57 GMT-05:00" duration-ms="672" status="PASS">
          <reporter-output>
          </reporter-output>
        </test-method> <!-- loginwithoutemail -->
        <test-method is-config="true" signature="close()[pri:0, instance:selenium.LoginPageTest@729d991e]" started-at="2024-02-12T09:16:57 GMT-05:00" name="close" finished-at="2024-02-12T09:16:58 GMT-05:00" duration-ms="504" status="PASS">
          <reporter-output>
          </reporter-output>
        </test-method> <!-- close -->
        <test-method is-config="true" signature="setUp()[pri:0, instance:selenium.LoginPageTest@729d991e]" started-at="2024-02-12T09:16:58 GMT-05:00" name="setUp" finished-at="2024-02-12T09:17:07 GMT-05:00" duration-ms="8880" status="PASS">
          <reporter-output>
          </reporter-output>
        </test-method> <!-- setUp -->
        <test-method signature="loginwithwrongemail()[pri:0, instance:selenium.LoginPageTest@729d991e]" started-at="2024-02-12T09:17:07 GMT-05:00" name="loginwithwrongemail" finished-at="2024-02-12T09:17:07 GMT-05:00" duration-ms="618" status="PASS">
          <reporter-output>
          </reporter-output>
        </test-method> <!-- loginwithwrongemail -->
        <test-method is-config="true" signature="close()[pri:0, instance:selenium.LoginPageTest@729d991e]" started-at="2024-02-12T09:17:07 GMT-05:00" name="close" finished-at="2024-02-12T09:17:08 GMT-05:00" duration-ms="530" status="PASS">
          <reporter-output>
          </reporter-output>
        </test-method> <!-- close -->
        <test-method is-config="true" signature="setUp()[pri:0, instance:selenium.LoginPageTest@729d991e]" started-at="2024-02-12T09:17:08 GMT-05:00" name="setUp" finished-at="2024-02-12T09:17:17 GMT-05:00" duration-ms="8771" status="PASS">
          <reporter-output>
          </reporter-output>
        </test-method> <!-- setUp -->
        <test-method signature="verifytitletext()[pri:0, instance:selenium.LoginPageTest@729d991e]" started-at="2024-02-12T09:17:17 GMT-05:00" name="verifytitletext" finished-at="2024-02-12T09:17:17 GMT-05:00" duration-ms="49" status="PASS">
          <reporter-output>
          </reporter-output>
        </test-method> <!-- verifytitletext -->
        <test-method is-config="true" signature="close()[pri:0, instance:selenium.LoginPageTest@729d991e]" started-at="2024-02-12T09:17:17 GMT-05:00" name="close" finished-at="2024-02-12T09:17:17 GMT-05:00" duration-ms="638" status="PASS">
          <reporter-output>
          </reporter-output>
        </test-method> <!-- close -->
      </class> <!-- selenium.LoginPageTest -->
    </test> <!-- POM Framework Test -->
  </suite> <!-- POM Framework Test -->
</testng-results>
