<?xml version="1.0" encoding="UTF-8"?>
<!-- Generated by org.testng.reporters.JUnitXMLReporter -->
<testsuite ignored="0" hostname="LAPTOP-TQ6ATEIH" failures="0" tests="4" name="POM Framework Test" time="39.438" errors="0" timestamp="2024-02-12T09:17:17 GMT-05:00">
  <testcase classname="selenium.LoginPageTest" name="loginwithemail" time="0.933"/>
  <testcase classname="selenium.LoginPageTest" name="loginwithoutemail" time="0.672"/>
  <testcase classname="selenium.LoginPageTest" name="loginwithwrongemail" time="0.618"/>
  <testcase classname="selenium.LoginPageTest" name="verifytitletext" time="0.049"/>
</testsuite> <!-- POM Framework Test -->
