<?xml version="1.0" encoding="UTF-8"?>
<testng-results ignored="0" total="1" passed="1" failed="0" skipped="0">
  <reporter-output>
  </reporter-output>
  <suite started-at="2024-02-25T18:31:22 GMT-05:00" name="Default suite" finished-at="2024-02-25T18:31:25 GMT-05:00" duration-ms="3391">
    <groups>
    </groups>
    <test started-at="2024-02-25T18:31:22 GMT-05:00" name="Default test" finished-at="2024-02-25T18:31:25 GMT-05:00" duration-ms="3391">
      <class name="tests.PostApiTest">
        <test-method is-config="true" signature="setUp()[pri:0, instance:tests.PostApiTest@1e04fa0a]" started-at="2024-02-25T18:31:22 GMT-05:00" name="setUp" finished-at="2024-02-25T18:31:22 GMT-05:00" duration-ms="29" status="PASS">
          <reporter-output>
          </reporter-output>
        </test-method> <!-- setUp -->
        <test-method signature="postApiTest()[pri:0, instance:tests.PostApiTest@1e04fa0a]" started-at="2024-02-25T18:31:22 GMT-05:00" name="postApiTest" finished-at="2024-02-25T18:31:25 GMT-05:00" duration-ms="3177" status="PASS">
          <reporter-output>
          </reporter-output>
        </test-method> <!-- postApiTest -->
      </class> <!-- tests.PostApiTest -->
    </test> <!-- Default test -->
  </suite> <!-- Default suite -->
</testng-results>
