<?xml version="1.0" encoding="UTF-8"?>
<!-- Generated by org.testng.reporters.JUnitXMLReporter -->
<testsuite ignored="0" hostname="LAPTOP-TQ6ATEIH" failures="0" tests="4" name="Default test" time="36.168" errors="0" timestamp="2024-02-11T17:32:47 GMT-05:00">
  <testcase classname="selenium.LoginPageTest" name="loginwithemail" time="0.793"/>
  <testcase classname="selenium.LoginPageTest" name="loginwithoutemail" time="0.75"/>
  <testcase classname="selenium.LoginPageTest" name="loginwithwrongemail" time="0.874"/>
  <testcase classname="selenium.LoginPageTest" name="verifytitletext" time="0.021"/>
</testsuite> <!-- Default test -->
